Arguments: 
  C:\Program Files\nodejs\node.exe C:\Users\Eben\AppData\Roaming\npm\node_modules\yarn\bin\yarn.js run dev-server

PATH: 
  C:\ProgramData\Oracle\Java\javapath;C:\Program Files (x86)\Intel\iCLS Client\;C:\Program Files\Intel\iCLS Client\;C:\WINDOWS\system32;C:\WINDOWS;C:\WINDOWS\System32\Wbem;C:\WINDOWS\System32\WindowsPowerShell\v1.0\;C:\Program Files\Intel\Intel(R) Management Engine Components\DAL;C:\Program Files (x86)\Intel\Intel(R) Management Engine Components\DAL;C:\Program Files\Intel\Intel(R) Management Engine Components\IPT;C:\Program Files (x86)\Intel\Intel(R) Management Engine Components\IPT;C:\Program Files\Intel\WiFi\bin\;C:\Program Files\Common Files\Intel\WirelessCommon\;C:\Program Files (x86)\QuickTime\QTSystem\;C:\Program Files (x86)\Skype\Phone\;C:\Program Files\nodejs\;C:\Program Files (x86)\Brackets\command;C:\Program Files\Git\cmd;C:\WINDOWS\System32\OpenSSH\;C:\Users\Eben\AppData\Local\Microsoft\WindowsApps;C:\Users\Eben\AppData\Roaming\npm;C:\Users\Eben\AppData\Local\atom\bin;C:\Users\Eben\AppData\Local\GitHubDesktop\bin;C:\Program Files\heroku\bin;C:\Users\Eben\AppData\Local\Microsoft\WindowsApps;

Yarn version: 
  1.5.1

Node version: 
  8.9.4

Platform: 
  win32 x64

npm manifest: 
  No manifest

yarn manifest: 
  No manifest

Lockfile: 
  No lockfile

Trace: 
  Error: Couldn't find a package.json file in "C:\\Users\\Eben\\Desktop\\Pro-Projects\\ocdevel"
      at new MessageError (C:\Users\Eben\AppData\Roaming\npm\node_modules\yarn\lib\cli.js:186:110)
      at C:\Users\Eben\AppData\Roaming\npm\node_modules\yarn\lib\cli.js:40048:15
      at Generator.next (<anonymous>)
      at step (C:\Users\Eben\AppData\Roaming\npm\node_modules\yarn\lib\cli.js:98:30)
      at C:\Users\Eben\AppData\Roaming\npm\node_modules\yarn\lib\cli.js:109:13
      at <anonymous>
